## SLURM PROLOG ###############################################################
##    Job ID : 11552309
##  Job Name : Shadow-QPE-Job
##  Nodelist : node1722
##      CPUs : 20
##   Mem/CPU : 8192 MB
## Directory : /oscar/scratch/dqenani
##   Job Started : Mon Oct  9 10:33:15 EDT 2023
###############################################################################
Backend Used: Fake Montreal

 Snapshot Range = [10000, 50000, 100000] 

shadow zeromode (10000 shots): [0.63532817 0.37767759 0.3462349  0.57778815]
shadow zeromode (50000 shots): [0.50695057 0.56443691 0.39665454 0.51679519]
shadow zeromode (100000 shots): [0.51854291 0.53293871 0.56086783 0.36402865]
shadow zeromode (10000 shots): [0.59337662 0.2635547  0.50268739 0.57074382]
shadow zeromode (50000 shots): [0.50508744 0.54458488 0.48669415 0.45982908]
shadow zeromode (100000 shots): [0.57941703 0.53945505 0.46006389 0.40200171]
shadow zeromode (10000 shots): [0.67390181 0.42957    0.29357766 0.5245361 ]
shadow zeromode (50000 shots): [0.43244046 0.5779904  0.59820121 0.34796215]
shadow zeromode (100000 shots): [0.53717586 0.46867343 0.5199259  0.47060001]
quantum zeromode (10000 shots): [0.71884822 0.4370581  0.38125803 0.38324895]
quantum zeromode (50000 shots): [0.73340926 0.43933407 0.35266638 0.38042457]
quantum zeromode (100000 shots): [0.73884789 0.43435466 0.35354038 0.37476529]
quantum zeromode (10000 shots): [0.73124703 0.41978003 0.37034143 0.38975598]
quantum zeromode (50000 shots): [0.72475332 0.44013245 0.36066635 0.38850461]
quantum zeromode (100000 shots): [0.72174037 0.44973108 0.34859466 0.39409969]
quantum zeromode (10000 shots): [0.73121045 0.44236373 0.33994471 0.39253434]
quantum zeromode (50000 shots): [0.72768124 0.44311839 0.36165052 0.3785961 ]
quantum zeromode (100000 shots): [0.73127924 0.44189892 0.35237881 0.38181828]
With Shadow Results:
0.9366009139853666, 0.9055488378406814, 0.8940538877242038
0.8874435210592445, 0.8994234033570345, 0.934541159135917
0.9623326922403028, 0.8468975362492848, 0.9039354884101076

 Without Shadow Results:
0.9805318592323224, 0.9859174404889399, 0.9867329325584928
0.9826319466359956, 0.9834601168696168, 0.9839904134018368
0.9860795874691095, 0.9844090061770057, 0.9856296669521422

Shadow Run Time = -15 hours: 16 minutes: 29 seconds
Without Shadow Run Time = -1 hours: 59 minutes: 48 seconds
Total Run Time = -15 hours: 16 minutes: 16 seconds
