## SLURM PROLOG ###############################################################
##    Job ID : 11506587
##  Job Name : Shadow-QPE-Job
##  Nodelist : node1644
##      CPUs : 20
##   Mem/CPU : 8192 MB
## Directory : /oscar/scratch/dqenani
##   Job Started : Wed Oct  4 10:39:10 EDT 2023
###############################################################################

 Snapshot Range = [10000, 50000, 100000] 

shadow zeromode (10000 shots): [0.84322736 0.41051464 0.21222744 0.27459945]
shadow zeromode (50000 shots): [0.75962784 0.47535361 0.16143391 0.41345324]
shadow zeromode (100000 shots): [0.70167254 0.48799209 0.333899   0.39753091]
shadow zeromode (10000 shots): [0.74727115 0.41786346 0.25650541 0.44853198]
shadow zeromode (50000 shots): [0.71175956 0.4803682  0.33802307 0.38520791]
shadow zeromode (100000 shots): [0.7177532  0.46450884 0.38419369 0.34850694]
shadow zeromode (10000 shots): [0.7280561  0.4763216  0.1946739  0.45293942]
shadow zeromode (50000 shots): [0.75106263 0.48622161 0.27617239 0.35103032]
shadow zeromode (100000 shots): [0.73014728 0.47724424 0.3371317  0.35421053]
shadow zeromode (10000 shots): [0.65002709 0.53585652 0.45266639 0.29225968]
shadow zeromode (50000 shots): [0.71516171 0.387341   0.4156023  0.40716755]
shadow zeromode (100000 shots): [0.72879168 0.43718391 0.30839484 0.4273471 ]
shadow zeromode (10000 shots): [0.7859713  0.42726068 0.28932948 0.340567  ]
shadow zeromode (50000 shots): [0.75060113 0.43292341 0.35245823 0.35348049]
shadow zeromode (100000 shots): [0.71362343 0.45988423 0.34279262 0.40217077]
quantum zeromode (10000 shots): [0.81485391 0.43499584 0.22826869 0.30770949]
quantum zeromode (50000 shots): [0.82137458 0.42504509 0.23080341 0.30234128]
quantum zeromode (100000 shots): [0.82144387 0.42682146 0.2277292  0.30198147]
quantum zeromode (10000 shots): [0.81819838 0.43316325 0.23545624 0.2957725 ]
quantum zeromode (50000 shots): [0.82110949 0.42603668 0.23259033 0.30028934]
quantum zeromode (100000 shots): [0.82222709 0.4230484  0.22997387 0.30345458]
quantum zeromode (10000 shots): [0.81873962 0.42575103 0.24296802 0.29894486]
quantum zeromode (50000 shots): [0.82039402 0.4306399  0.232889   0.29540758]
quantum zeromode (100000 shots): [0.81975095 0.42735706 0.22887119 0.30494638]
quantum zeromode (10000 shots): [0.8177324  0.43184867 0.23224605 0.30146679]
quantum zeromode (50000 shots): [0.8205974  0.42852076 0.23103612 0.29935294]
quantum zeromode (100000 shots): [0.82187524 0.42526438 0.23078415 0.30068252]
quantum zeromode (10000 shots): [0.81848576 0.43194977 0.23757001 0.29506091]
quantum zeromode (50000 shots): [0.82078781 0.42941197 0.22770568 0.30010473]
quantum zeromode (100000 shots): [0.82163209 0.42517591 0.23449364 0.29859485]
With Shadow Results:
0.9989578330340846, 0.9881805310440658, 0.981658518217788
0.9859533861694483, 0.9839031439586925, 0.9817604629267968
0.9823236789064557, 0.9939439073441709, 0.9881248888529665
0.9562264819428627, 0.9712467497166035, 0.9849229379652671
0.9970359631184491, 0.9891153847441576, 0.982785265646697

 Without Shadow Results:
0.9999371628871264, 0.999969414889711, 0.999967203781405
0.9999896172505628, 0.9999828287120035, 0.9999459580176818
0.9999384397510405, 0.9999908346439578, 0.9999659445215108
0.9999963602343486, 0.9999919142659944, 0.9999729483924907
0.999981844403463, 0.9999800461594951, 0.9999764642846557

Shadow Run Time = -3 hours: 30 minutes: 13 seconds
Without Shadow Run Time = -1 hours: 59 minutes: 56 seconds
Total Run Time = -3 hours: 30 minutes: 8 seconds
