## SLURM PROLOG ###############################################################
##    Job ID : 11502263
##  Job Name : Shadow-QPE-Job
##  Nodelist : node1708
##      CPUs : 20
##   Mem/CPU : 8192 MB
## Directory : /oscar/scratch/dqenani
##   Job Started : Tue Oct  3 20:46:57 EDT 2023
###############################################################################

 Snapshot Range = [1000, 5000, 10000] 

With Shadow Results:
0.831477626474297, 0.9435884263609089, 0.9571318424044233
0.8976030481508083, 0.9964494734497863, 0.9649872343391908
0.9118255648650229, 0.9810955230642902, 0.9052549416874762
0.9850066051238546, 0.9559923424332376, 0.9722934415695447
0.8751103952294206, 0.9019119549705024, 0.944563175075788

 Without Shadow Results:
0.9988613724432754, 0.9999365461286912, 0.9999768884618835
0.9993737385984109, 0.9999106627887872, 0.9999298613668985
0.9985710001435633, 0.9999288825678593, 0.9998195905701628
0.999811990108301, 0.9998591582902268, 0.9999105662955389
0.9996728509115861, 0.9999196999829563, 0.9999400653621059

Shadow Run Time = -1 hours: 45 minutes: 8 seconds
Without Shadow Run Time = -1 hours: 59 minutes: 58 seconds
Total Run Time = -1 hours: 45 minutes: 5 seconds
